AZ0.0  -1
10
41
76
113
146
187
236
291
350
412
477
546
618
694
771
851
932
1018
1106
1195
1284
1371
1463
1556
1651
1746
1844
1941
2039
2138
2238
2338
2439
2542
2645
2748
2851
2954
3058
3162
3267
3373
3478
3583
3691
3800
3908
4016
4125
4234
4343
4452
4563
4674
4786
4898
5010
5122
5233
5342
5455
5566
5679
5793
5908
6022
6136
6250
6363
6475
6589
6704
6817
6929
7040
7151
7264
7372
7481
7591
7700
7811
7923
8034
8144
8255
8365
8475
8583
8692
8803
8914
9025
9135
9244
9353
9463
9574
9685
9795
9904
10015
10124
10232
10339
10448
10556
10663
10772
10880
10989
11096
11200
11304
11409
11513
11614
11717
11821
11925
12026
12129
12233
12336
12437
12513
12561
12614
12676
12726
12746
12760
12780
12796
12806
12811
12809
12808
12810
12812
12813
12812
12811
12811
12811
12811
12811
12811
12811
12811
12811
12811
12811
12811
12811
12811
12811
12811
12811
12811
12811
12811
12811
12811
12811
12811
12811
12811
12811
12811
12811
12811
12811
12811
12811
12811
12811
12811
12811
12811
12811
12811
12811
12811
12811
12811
12811
12811
12811
12811
12811
12811
12811
12811
12811
12811
12811
12811
12811
12811
12811
12811
12811
12811
12811
12811
12811
12811
12811
12811
12811
12811
12811
12811
12811
12811
12811
12811
12811
12811
12811
12811
12811
12811
12811
12811
12811
12811
12811
12811
12811
12811
12811
12811
12811
12811
12811
12811
12811
12811
12811
12811
12811
12811
12811
12811
12811
12811
12811
12811
12811
12811
12811
12811
12811
12811
12811
12811
12811
12811
12811
12811
12811
12811
12811
12811
12811
12811
12811
12811
12811
12811
12811
12811
12811
12811
12811
12811
12811
12811
12811
12811
12811
12811
12811
12811
12811
12811
12811
12811
12811
12811
12811
12811
12811
12811
12811
12811
12811
12811
12811
12811
12811
12811
12811
12811
12811
12811
12811
12811
12811
12811
12811
12811
12811
12811
12811
12811
12811
12811
12811
12811
12811
12811
12811
12811
12811
12811
12811
12811
12811
12811
12811
12811
12811
12811
12811
12811
12811
12811
12811
12811
12811
12811
12811
12811
12811
12811
12811
12811
12811
12811
12811
12811
12811
12811
12811
12811
12811
12811
12811
12811
12811
12811
12811
12811
12811
12811
12811
12811
12811
12811
12811
12811
12811
12811
12811
12811
12811
12811
12811
12811
12811
12811
12811
12811
12811
12811
12811
12811
12811
12811
12811
12811
12811
12811
12811
12811
12811
12811
12811
12811
12811
12811
12811
12811
12811
12811
12811
12811
12811
12811
12811
12811
12811
12811
12811
12811
12811
12811
12811
12811
12811
12811
12811
12811
12811
12811
12811
12811
12811
12811
12811
12811
12811
12811
12811
12811
12811
12811
12811
12811
12811
12811
12811
12811
12811
12811
12811
12811
12811
12811
12811
12811
12811
12811
12811
12811
12811
12811
12811
12811
12811
12811
12811
12811
12811
12811
12811
12811
12811
12811
12811
12811
12811
12811
12811
12811
12811
12811
12811
12811
12811
12811
12811
12811
12811
12811
12811
12811
12811
12811
12811
12811
12811
12811
12811
12811
12811
12811
12811
12811
12811
12811
12811
12811
12811
12811
12811
12811
12811
12811
12811
12811
12811
12811
12811
12811
12811
12811
12811
12811
12811
12811
12811
12811
12811
12811
12811
12811
12811
12811
12811
12811
12811
12811
12811
12811
12811
12811
12811
12811
12811
12811
12811
12811
12811
12811
12811
12811
12811
12811
12811
12811
12811
12811
12811
12811
12811
12811
12811
12811
12811
12811
12811
12811
12811
12811
12811
12811
12811
12811
12811
12811
12811
12811
12811
12811
12811
12811
12811
12811
12811
12811
12811
12811
12811
12811
12811
12811
12811
12811
12811
12811
12811
12811
12811
12811
12811
12811
12811
12811
12811
12811
12811
12811
12811
12811
12811
12811
12811
12811
12811
12811
12811
12811
12811
12811
12811
12811
12811
12811
12811
12811
12811
12811
12811
12811
12811
12811
12811
12811
12811
12811
12811
12811
12811
12811
12811
12811
12811
12811
12811
12811
12811
12811
12811
12811
12811
12811
12811
12811
12811
12811
12811
12811
12811
12811
12811
12811
12811
12811
12811
12811
12811
12811
12811
12811
12811
12811
12811
12811
12811
12811
12811
12811
12811
12811
12811
12811
12811
12812
12813
ets Jun  8 2016 00:22:57

rst:0x1 (POWERON_RESET),boot:0x13 (SPI_FAST_FLASH_BOOT)
configsip: 0, SPIWP:0xee
clk_drv:0x00,q_drv:0x00,d_drv:0x00,cs0_drv:0x00,hd_drv:0x00,wp_drv:0x00
mode:DIO, clock div:2
load:0x3fff0030,len:1184
load:0x40078000,len:13232
load:0x40080400,len:3028
entry 0x400805e4
